{"/home/farm/Documents/podsearch_bot/src/utils.ts": {"path":"/home/farm/Documents/podsearch_bot/src/utils.ts","statementMap":{"0":{"start":{"line":6,"column":0},"end":{"line":6,"column":31}},"1":{"start":{"line":7,"column":0},"end":{"line":10,"column":15}},"2":{"start":{"line":11,"column":0},"end":{"line":11,"column":48}},"3":{"start":{"line":16,"column":0},"end":{"line":16,"column":32}},"4":{"start":{"line":17,"column":0},"end":{"line":17,"column":30}},"5":{"start":{"line":23,"column":0},"end":{"line":23,"column":9}},"6":{"start":{"line":28,"column":0},"end":{"line":28,"column":31}},"7":{"start":{"line":33,"column":13},"end":{"line":37,"column":2}},"8":{"start":{"line":93,"column":13},"end":{"line":95,"column":2}},"9":{"start":{"line":94,"column":4},"end":{"line":94,"column":74}},"10":{"start":{"line":100,"column":13},"end":{"line":102,"column":2}},"11":{"start":{"line":101,"column":4},"end":{"line":101,"column":99}},"12":{"start":{"line":108,"column":13},"end":{"line":112,"column":2}},"13":{"start":{"line":109,"column":4},"end":{"line":111,"column":16}},"14":{"start":{"line":110,"column":8},"end":{"line":110,"column":45}},"15":{"start":{"line":117,"column":13},"end":{"line":136,"column":2}},"16":{"start":{"line":118,"column":26},"end":{"line":118,"column":31}},"17":{"start":{"line":120,"column":4},"end":{"line":133,"column":5}},"18":{"start":{"line":132,"column":8},"end":{"line":132,"column":22}},"19":{"start":{"line":135,"column":4},"end":{"line":135,"column":18}},"20":{"start":{"line":142,"column":13},"end":{"line":157,"column":2}},"21":{"start":{"line":143,"column":4},"end":{"line":156,"column":18}},"22":{"start":{"line":163,"column":13},"end":{"line":194,"column":2}},"23":{"start":{"line":164,"column":33},"end":{"line":164,"column":42}},"24":{"start":{"line":165,"column":26},"end":{"line":165,"column":93}},"25":{"start":{"line":167,"column":4},"end":{"line":191,"column":5}},"26":{"start":{"line":172,"column":8},"end":{"line":178,"column":9}},"27":{"start":{"line":173,"column":12},"end":{"line":173,"column":40}},"28":{"start":{"line":174,"column":15},"end":{"line":178,"column":9}},"29":{"start":{"line":175,"column":12},"end":{"line":175,"column":41}},"30":{"start":{"line":176,"column":15},"end":{"line":178,"column":9}},"31":{"start":{"line":177,"column":12},"end":{"line":177,"column":41}},"32":{"start":{"line":180,"column":8},"end":{"line":190,"column":10}},"33":{"start":{"line":193,"column":4},"end":{"line":193,"column":18}},"34":{"start":{"line":201,"column":13},"end":{"line":218,"column":3}},"35":{"start":{"line":202,"column":0},"end":{"line":218,"column":2}},"36":{"start":{"line":203,"column":4},"end":{"line":217,"column":7}},"37":{"start":{"line":204,"column":8},"end":{"line":214,"column":11}},"38":{"start":{"line":205,"column":35},"end":{"line":205,"column":90}},"39":{"start":{"line":207,"column":12},"end":{"line":211,"column":13}},"40":{"start":{"line":208,"column":16},"end":{"line":208,"column":63}},"41":{"start":{"line":210,"column":16},"end":{"line":210,"column":58}},"42":{"start":{"line":213,"column":12},"end":{"line":213,"column":52}},"43":{"start":{"line":216,"column":8},"end":{"line":216,"column":45}},"44":{"start":{"line":223,"column":13},"end":{"line":248,"column":3}},"45":{"start":{"line":224,"column":0},"end":{"line":248,"column":2}},"46":{"start":{"line":225,"column":4},"end":{"line":247,"column":5}},"47":{"start":{"line":230,"column":40},"end":{"line":230,"column":69}},"48":{"start":{"line":232,"column":8},"end":{"line":244,"column":9}},"49":{"start":{"line":233,"column":12},"end":{"line":241,"column":15}},"50":{"start":{"line":234,"column":16},"end":{"line":236,"column":19}},"51":{"start":{"line":235,"column":20},"end":{"line":235,"column":32}},"52":{"start":{"line":238,"column":16},"end":{"line":238,"column":32}},"53":{"start":{"line":240,"column":16},"end":{"line":240,"column":30}},"54":{"start":{"line":243,"column":12},"end":{"line":243,"column":77}},"55":{"start":{"line":246,"column":8},"end":{"line":246,"column":33}},"56":{"start":{"line":255,"column":13},"end":{"line":262,"column":3}},"57":{"start":{"line":256,"column":0},"end":{"line":262,"column":2}},"58":{"start":{"line":257,"column":4},"end":{"line":261,"column":7}},"59":{"start":{"line":258,"column":8},"end":{"line":258,"column":42}},"60":{"start":{"line":260,"column":8},"end":{"line":260,"column":22}},"61":{"start":{"line":267,"column":13},"end":{"line":278,"column":3}},"62":{"start":{"line":268,"column":0},"end":{"line":278,"column":2}},"63":{"start":{"line":269,"column":4},"end":{"line":277,"column":7}},"64":{"start":{"line":270,"column":46},"end":{"line":272,"column":10}},"65":{"start":{"line":271,"column":12},"end":{"line":271,"column":61}},"66":{"start":{"line":274,"column":8},"end":{"line":274,"column":24}},"67":{"start":{"line":276,"column":8},"end":{"line":276,"column":22}},"68":{"start":{"line":283,"column":13},"end":{"line":293,"column":2}},"69":{"start":{"line":298,"column":13},"end":{"line":308,"column":2}}},"fnMap":{"0":{"name":"(anonymous_0)","decl":{"start":{"line":93,"column":25},"end":{"line":93,"column":26}},"loc":{"start":{"line":93,"column":54},"end":{"line":95,"column":1}}},"1":{"name":"(anonymous_1)","decl":{"start":{"line":100,"column":31},"end":{"line":100,"column":32}},"loc":{"start":{"line":100,"column":59},"end":{"line":102,"column":1}}},"2":{"name":"(anonymous_2)","decl":{"start":{"line":108,"column":25},"end":{"line":108,"column":26}},"loc":{"start":{"line":108,"column":59},"end":{"line":112,"column":1}}},"3":{"name":"(anonymous_3)","decl":{"start":{"line":109,"column":50},"end":{"line":109,"column":51}},"loc":{"start":{"line":109,"column":75},"end":{"line":111,"column":5}}},"4":{"name":"(anonymous_4)","decl":{"start":{"line":117,"column":24},"end":{"line":117,"column":25}},"loc":{"start":{"line":117,"column":50},"end":{"line":136,"column":1}}},"5":{"name":"(anonymous_5)","decl":{"start":{"line":142,"column":28},"end":{"line":142,"column":29}},"loc":{"start":{"line":142,"column":69},"end":{"line":157,"column":1}}},"6":{"name":"(anonymous_6)","decl":{"start":{"line":163,"column":34},"end":{"line":163,"column":35}},"loc":{"start":{"line":163,"column":75},"end":{"line":194,"column":1}}},"7":{"name":"(anonymous_7)","decl":{"start":{"line":201,"column":28},"end":{"line":201,"column":29}},"loc":{"start":{"line":202,"column":0},"end":{"line":218,"column":2}}},"8":{"name":"(anonymous_8)","decl":{"start":{"line":202,"column":12},"end":{"line":202,"column":13}},"loc":{"start":{"line":202,"column":89},"end":{"line":218,"column":1}}},"9":{"name":"(anonymous_9)","decl":{"start":{"line":203,"column":31},"end":{"line":203,"column":32}},"loc":{"start":{"line":203,"column":47},"end":{"line":215,"column":5}}},"10":{"name":"(anonymous_10)","decl":{"start":{"line":204,"column":45},"end":{"line":204,"column":46}},"loc":{"start":{"line":204,"column":64},"end":{"line":212,"column":9}}},"11":{"name":"(anonymous_11)","decl":{"start":{"line":212,"column":17},"end":{"line":212,"column":18}},"loc":{"start":{"line":212,"column":35},"end":{"line":214,"column":9}}},"12":{"name":"(anonymous_12)","decl":{"start":{"line":215,"column":13},"end":{"line":215,"column":14}},"loc":{"start":{"line":215,"column":31},"end":{"line":217,"column":5}}},"13":{"name":"(anonymous_13)","decl":{"start":{"line":223,"column":21},"end":{"line":223,"column":22}},"loc":{"start":{"line":224,"column":0},"end":{"line":248,"column":2}}},"14":{"name":"(anonymous_14)","decl":{"start":{"line":224,"column":12},"end":{"line":224,"column":13}},"loc":{"start":{"line":224,"column":96},"end":{"line":248,"column":1}}},"15":{"name":"(anonymous_15)","decl":{"start":{"line":233,"column":37},"end":{"line":233,"column":38}},"loc":{"start":{"line":233,"column":57},"end":{"line":237,"column":13}}},"16":{"name":"(anonymous_16)","decl":{"start":{"line":234,"column":51},"end":{"line":234,"column":52}},"loc":{"start":{"line":234,"column":69},"end":{"line":236,"column":17}}},"17":{"name":"(anonymous_17)","decl":{"start":{"line":237,"column":21},"end":{"line":237,"column":22}},"loc":{"start":{"line":237,"column":55},"end":{"line":239,"column":13}}},"18":{"name":"(anonymous_18)","decl":{"start":{"line":239,"column":21},"end":{"line":239,"column":22}},"loc":{"start":{"line":239,"column":39},"end":{"line":241,"column":13}}},"19":{"name":"(anonymous_19)","decl":{"start":{"line":255,"column":29},"end":{"line":255,"column":30}},"loc":{"start":{"line":256,"column":0},"end":{"line":262,"column":2}}},"20":{"name":"(anonymous_20)","decl":{"start":{"line":256,"column":12},"end":{"line":256,"column":13}},"loc":{"start":{"line":256,"column":89},"end":{"line":262,"column":1}}},"21":{"name":"(anonymous_21)","decl":{"start":{"line":257,"column":21},"end":{"line":257,"column":22}},"loc":{"start":{"line":257,"column":56},"end":{"line":259,"column":5}}},"22":{"name":"(anonymous_22)","decl":{"start":{"line":259,"column":13},"end":{"line":259,"column":14}},"loc":{"start":{"line":259,"column":31},"end":{"line":261,"column":5}}},"23":{"name":"(anonymous_23)","decl":{"start":{"line":267,"column":35},"end":{"line":267,"column":36}},"loc":{"start":{"line":268,"column":0},"end":{"line":278,"column":2}}},"24":{"name":"(anonymous_24)","decl":{"start":{"line":268,"column":12},"end":{"line":268,"column":13}},"loc":{"start":{"line":268,"column":96},"end":{"line":278,"column":1}}},"25":{"name":"(anonymous_25)","decl":{"start":{"line":269,"column":21},"end":{"line":269,"column":22}},"loc":{"start":{"line":269,"column":56},"end":{"line":275,"column":5}}},"26":{"name":"(anonymous_26)","decl":{"start":{"line":270,"column":58},"end":{"line":270,"column":59}},"loc":{"start":{"line":270,"column":86},"end":{"line":272,"column":9}}},"27":{"name":"(anonymous_27)","decl":{"start":{"line":275,"column":13},"end":{"line":275,"column":14}},"loc":{"start":{"line":275,"column":31},"end":{"line":277,"column":5}}}},"branchMap":{"0":{"loc":{"start":{"line":93,"column":40},"end":{"line":93,"column":42}},"type":"default-arg","locations":[{"start":{"line":93,"column":40},"end":{"line":93,"column":42}}]},"1":{"loc":{"start":{"line":94,"column":39},"end":{"line":94,"column":68}},"type":"cond-expr","locations":[{"start":{"line":94,"column":39},"end":{"line":94,"column":68}},{"start":{"line":94,"column":71},"end":{"line":94,"column":73}}]},"2":{"loc":{"start":{"line":109,"column":36},"end":{"line":111,"column":10}},"type":"cond-expr","locations":[{"start":{"line":109,"column":36},"end":{"line":111,"column":10}},{"start":{"line":111,"column":13},"end":{"line":111,"column":15}}]},"3":{"loc":{"start":{"line":120,"column":4},"end":{"line":133,"column":5}},"type":"if","locations":[{"start":{"line":120,"column":4},"end":{"line":133,"column":5}},{"start":{"line":120,"column":4},"end":{"line":133,"column":5}}]},"4":{"loc":{"start":{"line":120,"column":8},"end":{"line":120,"column":26}},"type":"binary-expr","locations":[{"start":{"line":120,"column":8},"end":{"line":120,"column":26}},{"start":{"line":121,"column":8},"end":{"line":121,"column":38}},{"start":{"line":122,"column":12},"end":{"line":122,"column":43}},{"start":{"line":123,"column":12},"end":{"line":123,"column":44}},{"start":{"line":125,"column":8},"end":{"line":125,"column":40}},{"start":{"line":126,"column":8},"end":{"line":126,"column":37}},{"start":{"line":127,"column":8},"end":{"line":127,"column":34}},{"start":{"line":128,"column":8},"end":{"line":128,"column":37}},{"start":{"line":129,"column":8},"end":{"line":129,"column":34}},{"start":{"line":130,"column":8},"end":{"line":130,"column":33}},{"start":{"line":131,"column":8},"end":{"line":131,"column":44}}]},"5":{"loc":{"start":{"line":143,"column":34},"end":{"line":156,"column":5}},"type":"cond-expr","locations":[{"start":{"line":143,"column":34},"end":{"line":156,"column":5}},{"start":{"line":156,"column":8},"end":{"line":156,"column":17}}]},"6":{"loc":{"start":{"line":167,"column":4},"end":{"line":191,"column":5}},"type":"if","locations":[{"start":{"line":167,"column":4},"end":{"line":191,"column":5}},{"start":{"line":167,"column":4},"end":{"line":191,"column":5}}]},"7":{"loc":{"start":{"line":172,"column":8},"end":{"line":178,"column":9}},"type":"if","locations":[{"start":{"line":172,"column":8},"end":{"line":178,"column":9}},{"start":{"line":172,"column":8},"end":{"line":178,"column":9}}]},"8":{"loc":{"start":{"line":174,"column":15},"end":{"line":178,"column":9}},"type":"if","locations":[{"start":{"line":174,"column":15},"end":{"line":178,"column":9}},{"start":{"line":174,"column":15},"end":{"line":178,"column":9}}]},"9":{"loc":{"start":{"line":176,"column":15},"end":{"line":178,"column":9}},"type":"if","locations":[{"start":{"line":176,"column":15},"end":{"line":178,"column":9}},{"start":{"line":176,"column":15},"end":{"line":178,"column":9}}]},"10":{"loc":{"start":{"line":207,"column":12},"end":{"line":211,"column":13}},"type":"if","locations":[{"start":{"line":207,"column":12},"end":{"line":211,"column":13}},{"start":{"line":207,"column":12},"end":{"line":211,"column":13}}]},"11":{"loc":{"start":{"line":225,"column":4},"end":{"line":247,"column":5}},"type":"if","locations":[{"start":{"line":225,"column":4},"end":{"line":247,"column":5}},{"start":{"line":225,"column":4},"end":{"line":247,"column":5}}]},"12":{"loc":{"start":{"line":225,"column":8},"end":{"line":225,"column":26}},"type":"binary-expr","locations":[{"start":{"line":225,"column":8},"end":{"line":225,"column":26}},{"start":{"line":225,"column":30},"end":{"line":225,"column":50}}]},"13":{"loc":{"start":{"line":232,"column":8},"end":{"line":244,"column":9}},"type":"if","locations":[{"start":{"line":232,"column":8},"end":{"line":244,"column":9}},{"start":{"line":232,"column":8},"end":{"line":244,"column":9}}]}},"s":{"0":1,"1":1,"2":1,"3":1,"4":1,"5":1,"6":1,"7":1,"8":1,"9":5,"10":1,"11":1,"12":1,"13":1,"14":0,"15":1,"16":1,"17":1,"18":0,"19":1,"20":1,"21":1,"22":1,"23":1,"24":1,"25":1,"26":0,"27":0,"28":0,"29":0,"30":0,"31":0,"32":0,"33":1,"34":1,"35":0,"36":0,"37":0,"38":0,"39":0,"40":0,"41":0,"42":0,"43":0,"44":1,"45":0,"46":0,"47":0,"48":0,"49":0,"50":0,"51":0,"52":0,"53":0,"54":0,"55":0,"56":1,"57":0,"58":0,"59":0,"60":0,"61":1,"62":0,"63":0,"64":0,"65":0,"66":0,"67":0,"68":1,"69":1},"f":{"0":5,"1":1,"2":1,"3":0,"4":1,"5":1,"6":1,"7":0,"8":0,"9":0,"10":0,"11":0,"12":0,"13":0,"14":0,"15":0,"16":0,"17":0,"18":0,"19":0,"20":0,"21":0,"22":0,"23":0,"24":0,"25":0,"26":0,"27":0},"b":{"0":[0],"1":[5,0],"2":[0,1],"3":[0,1],"4":[1,0,0,0,0,0,0,0,0,0,0],"5":[0,1],"6":[0,1],"7":[0,0],"8":[0,0],"9":[0,0],"10":[0,0],"11":[0,0],"12":[0,0],"13":[0,0]}}
}
