{"/home/farm/Documents/podsearch_bot/src/utils.ts": {"path":"/home/farm/Documents/podsearch_bot/src/utils.ts","statementMap":{"0":{"start":{"line":6,"column":0},"end":{"line":6,"column":31}},"1":{"start":{"line":7,"column":0},"end":{"line":10,"column":15}},"2":{"start":{"line":11,"column":0},"end":{"line":11,"column":48}},"3":{"start":{"line":16,"column":0},"end":{"line":16,"column":32}},"4":{"start":{"line":17,"column":0},"end":{"line":17,"column":30}},"5":{"start":{"line":23,"column":0},"end":{"line":23,"column":9}},"6":{"start":{"line":28,"column":0},"end":{"line":28,"column":31}},"7":{"start":{"line":33,"column":13},"end":{"line":37,"column":2}},"8":{"start":{"line":93,"column":13},"end":{"line":95,"column":2}},"9":{"start":{"line":94,"column":4},"end":{"line":94,"column":102}},"10":{"start":{"line":100,"column":13},"end":{"line":104,"column":2}},"11":{"start":{"line":101,"column":4},"end":{"line":103,"column":14}},"12":{"start":{"line":110,"column":13},"end":{"line":124,"column":2}},"13":{"start":{"line":111,"column":25},"end":{"line":111,"column":34}},"14":{"start":{"line":113,"column":4},"end":{"line":121,"column":5}},"15":{"start":{"line":114,"column":8},"end":{"line":120,"column":9}},"16":{"start":{"line":115,"column":12},"end":{"line":117,"column":15}},"17":{"start":{"line":116,"column":16},"end":{"line":116,"column":53}},"18":{"start":{"line":119,"column":12},"end":{"line":119,"column":31}},"19":{"start":{"line":123,"column":4},"end":{"line":123,"column":18}},"20":{"start":{"line":129,"column":13},"end":{"line":148,"column":2}},"21":{"start":{"line":130,"column":26},"end":{"line":130,"column":31}},"22":{"start":{"line":132,"column":4},"end":{"line":145,"column":5}},"23":{"start":{"line":144,"column":8},"end":{"line":144,"column":22}},"24":{"start":{"line":147,"column":4},"end":{"line":147,"column":18}},"25":{"start":{"line":154,"column":13},"end":{"line":169,"column":2}},"26":{"start":{"line":155,"column":4},"end":{"line":168,"column":18}},"27":{"start":{"line":175,"column":13},"end":{"line":206,"column":2}},"28":{"start":{"line":176,"column":33},"end":{"line":176,"column":42}},"29":{"start":{"line":177,"column":26},"end":{"line":177,"column":93}},"30":{"start":{"line":179,"column":4},"end":{"line":203,"column":5}},"31":{"start":{"line":184,"column":8},"end":{"line":190,"column":9}},"32":{"start":{"line":185,"column":12},"end":{"line":185,"column":40}},"33":{"start":{"line":186,"column":15},"end":{"line":190,"column":9}},"34":{"start":{"line":187,"column":12},"end":{"line":187,"column":41}},"35":{"start":{"line":188,"column":15},"end":{"line":190,"column":9}},"36":{"start":{"line":189,"column":12},"end":{"line":189,"column":41}},"37":{"start":{"line":192,"column":8},"end":{"line":202,"column":10}},"38":{"start":{"line":205,"column":4},"end":{"line":205,"column":18}},"39":{"start":{"line":213,"column":13},"end":{"line":230,"column":3}},"40":{"start":{"line":214,"column":0},"end":{"line":230,"column":2}},"41":{"start":{"line":215,"column":4},"end":{"line":229,"column":7}},"42":{"start":{"line":216,"column":8},"end":{"line":226,"column":11}},"43":{"start":{"line":217,"column":35},"end":{"line":217,"column":90}},"44":{"start":{"line":219,"column":12},"end":{"line":223,"column":13}},"45":{"start":{"line":220,"column":16},"end":{"line":220,"column":63}},"46":{"start":{"line":222,"column":16},"end":{"line":222,"column":58}},"47":{"start":{"line":225,"column":12},"end":{"line":225,"column":52}},"48":{"start":{"line":228,"column":8},"end":{"line":228,"column":45}},"49":{"start":{"line":235,"column":13},"end":{"line":260,"column":3}},"50":{"start":{"line":236,"column":0},"end":{"line":260,"column":2}},"51":{"start":{"line":237,"column":4},"end":{"line":259,"column":5}},"52":{"start":{"line":242,"column":40},"end":{"line":242,"column":69}},"53":{"start":{"line":244,"column":8},"end":{"line":256,"column":9}},"54":{"start":{"line":245,"column":12},"end":{"line":253,"column":15}},"55":{"start":{"line":246,"column":16},"end":{"line":248,"column":19}},"56":{"start":{"line":247,"column":20},"end":{"line":247,"column":32}},"57":{"start":{"line":250,"column":16},"end":{"line":250,"column":32}},"58":{"start":{"line":252,"column":16},"end":{"line":252,"column":30}},"59":{"start":{"line":255,"column":12},"end":{"line":255,"column":77}},"60":{"start":{"line":258,"column":8},"end":{"line":258,"column":33}},"61":{"start":{"line":267,"column":13},"end":{"line":274,"column":3}},"62":{"start":{"line":268,"column":0},"end":{"line":274,"column":2}},"63":{"start":{"line":269,"column":4},"end":{"line":273,"column":7}},"64":{"start":{"line":270,"column":8},"end":{"line":270,"column":42}},"65":{"start":{"line":272,"column":8},"end":{"line":272,"column":22}},"66":{"start":{"line":279,"column":13},"end":{"line":290,"column":3}},"67":{"start":{"line":280,"column":0},"end":{"line":290,"column":2}},"68":{"start":{"line":281,"column":4},"end":{"line":289,"column":7}},"69":{"start":{"line":282,"column":46},"end":{"line":284,"column":10}},"70":{"start":{"line":283,"column":12},"end":{"line":283,"column":61}},"71":{"start":{"line":286,"column":8},"end":{"line":286,"column":24}},"72":{"start":{"line":288,"column":8},"end":{"line":288,"column":22}},"73":{"start":{"line":295,"column":13},"end":{"line":305,"column":2}},"74":{"start":{"line":310,"column":13},"end":{"line":320,"column":2}}},"fnMap":{"0":{"name":"(anonymous_0)","decl":{"start":{"line":93,"column":25},"end":{"line":93,"column":26}},"loc":{"start":{"line":93,"column":49},"end":{"line":95,"column":1}}},"1":{"name":"(anonymous_1)","decl":{"start":{"line":100,"column":31},"end":{"line":100,"column":32}},"loc":{"start":{"line":100,"column":59},"end":{"line":104,"column":1}}},"2":{"name":"(anonymous_2)","decl":{"start":{"line":110,"column":25},"end":{"line":110,"column":26}},"loc":{"start":{"line":110,"column":59},"end":{"line":124,"column":1}}},"3":{"name":"(anonymous_3)","decl":{"start":{"line":115,"column":35},"end":{"line":115,"column":36}},"loc":{"start":{"line":115,"column":60},"end":{"line":117,"column":13}}},"4":{"name":"(anonymous_4)","decl":{"start":{"line":129,"column":24},"end":{"line":129,"column":25}},"loc":{"start":{"line":129,"column":50},"end":{"line":148,"column":1}}},"5":{"name":"(anonymous_5)","decl":{"start":{"line":154,"column":28},"end":{"line":154,"column":29}},"loc":{"start":{"line":154,"column":69},"end":{"line":169,"column":1}}},"6":{"name":"(anonymous_6)","decl":{"start":{"line":175,"column":34},"end":{"line":175,"column":35}},"loc":{"start":{"line":175,"column":75},"end":{"line":206,"column":1}}},"7":{"name":"(anonymous_7)","decl":{"start":{"line":213,"column":28},"end":{"line":213,"column":29}},"loc":{"start":{"line":214,"column":0},"end":{"line":230,"column":2}}},"8":{"name":"(anonymous_8)","decl":{"start":{"line":214,"column":12},"end":{"line":214,"column":13}},"loc":{"start":{"line":214,"column":89},"end":{"line":230,"column":1}}},"9":{"name":"(anonymous_9)","decl":{"start":{"line":215,"column":31},"end":{"line":215,"column":32}},"loc":{"start":{"line":215,"column":47},"end":{"line":227,"column":5}}},"10":{"name":"(anonymous_10)","decl":{"start":{"line":216,"column":45},"end":{"line":216,"column":46}},"loc":{"start":{"line":216,"column":64},"end":{"line":224,"column":9}}},"11":{"name":"(anonymous_11)","decl":{"start":{"line":224,"column":17},"end":{"line":224,"column":18}},"loc":{"start":{"line":224,"column":35},"end":{"line":226,"column":9}}},"12":{"name":"(anonymous_12)","decl":{"start":{"line":227,"column":13},"end":{"line":227,"column":14}},"loc":{"start":{"line":227,"column":31},"end":{"line":229,"column":5}}},"13":{"name":"(anonymous_13)","decl":{"start":{"line":235,"column":21},"end":{"line":235,"column":22}},"loc":{"start":{"line":236,"column":0},"end":{"line":260,"column":2}}},"14":{"name":"(anonymous_14)","decl":{"start":{"line":236,"column":12},"end":{"line":236,"column":13}},"loc":{"start":{"line":236,"column":96},"end":{"line":260,"column":1}}},"15":{"name":"(anonymous_15)","decl":{"start":{"line":245,"column":37},"end":{"line":245,"column":38}},"loc":{"start":{"line":245,"column":57},"end":{"line":249,"column":13}}},"16":{"name":"(anonymous_16)","decl":{"start":{"line":246,"column":51},"end":{"line":246,"column":52}},"loc":{"start":{"line":246,"column":69},"end":{"line":248,"column":17}}},"17":{"name":"(anonymous_17)","decl":{"start":{"line":249,"column":21},"end":{"line":249,"column":22}},"loc":{"start":{"line":249,"column":55},"end":{"line":251,"column":13}}},"18":{"name":"(anonymous_18)","decl":{"start":{"line":251,"column":21},"end":{"line":251,"column":22}},"loc":{"start":{"line":251,"column":39},"end":{"line":253,"column":13}}},"19":{"name":"(anonymous_19)","decl":{"start":{"line":267,"column":29},"end":{"line":267,"column":30}},"loc":{"start":{"line":268,"column":0},"end":{"line":274,"column":2}}},"20":{"name":"(anonymous_20)","decl":{"start":{"line":268,"column":12},"end":{"line":268,"column":13}},"loc":{"start":{"line":268,"column":89},"end":{"line":274,"column":1}}},"21":{"name":"(anonymous_21)","decl":{"start":{"line":269,"column":21},"end":{"line":269,"column":22}},"loc":{"start":{"line":269,"column":56},"end":{"line":271,"column":5}}},"22":{"name":"(anonymous_22)","decl":{"start":{"line":271,"column":13},"end":{"line":271,"column":14}},"loc":{"start":{"line":271,"column":31},"end":{"line":273,"column":5}}},"23":{"name":"(anonymous_23)","decl":{"start":{"line":279,"column":35},"end":{"line":279,"column":36}},"loc":{"start":{"line":280,"column":0},"end":{"line":290,"column":2}}},"24":{"name":"(anonymous_24)","decl":{"start":{"line":280,"column":12},"end":{"line":280,"column":13}},"loc":{"start":{"line":280,"column":96},"end":{"line":290,"column":1}}},"25":{"name":"(anonymous_25)","decl":{"start":{"line":281,"column":21},"end":{"line":281,"column":22}},"loc":{"start":{"line":281,"column":56},"end":{"line":287,"column":5}}},"26":{"name":"(anonymous_26)","decl":{"start":{"line":282,"column":58},"end":{"line":282,"column":59}},"loc":{"start":{"line":282,"column":86},"end":{"line":284,"column":9}}},"27":{"name":"(anonymous_27)","decl":{"start":{"line":287,"column":13},"end":{"line":287,"column":14}},"loc":{"start":{"line":287,"column":31},"end":{"line":289,"column":5}}}},"branchMap":{"0":{"loc":{"start":{"line":94,"column":60},"end":{"line":94,"column":89}},"type":"cond-expr","locations":[{"start":{"line":94,"column":60},"end":{"line":94,"column":89}},{"start":{"line":94,"column":92},"end":{"line":94,"column":101}}]},"1":{"loc":{"start":{"line":94,"column":12},"end":{"line":94,"column":29}},"type":"binary-expr","locations":[{"start":{"line":94,"column":12},"end":{"line":94,"column":29}},{"start":{"line":94,"column":33},"end":{"line":94,"column":56}}]},"2":{"loc":{"start":{"line":102,"column":4},"end":{"line":102,"column":91}},"type":"cond-expr","locations":[{"start":{"line":102,"column":4},"end":{"line":102,"column":91}},{"start":{"line":103,"column":4},"end":{"line":103,"column":13}}]},"3":{"loc":{"start":{"line":101,"column":12},"end":{"line":101,"column":33}},"type":"binary-expr","locations":[{"start":{"line":101,"column":12},"end":{"line":101,"column":33}},{"start":{"line":101,"column":37},"end":{"line":101,"column":64}}]},"4":{"loc":{"start":{"line":113,"column":4},"end":{"line":121,"column":5}},"type":"if","locations":[{"start":{"line":113,"column":4},"end":{"line":121,"column":5}},{"start":{"line":113,"column":4},"end":{"line":121,"column":5}}]},"5":{"loc":{"start":{"line":114,"column":8},"end":{"line":120,"column":9}},"type":"if","locations":[{"start":{"line":114,"column":8},"end":{"line":120,"column":9}},{"start":{"line":114,"column":8},"end":{"line":120,"column":9}}]},"6":{"loc":{"start":{"line":132,"column":4},"end":{"line":145,"column":5}},"type":"if","locations":[{"start":{"line":132,"column":4},"end":{"line":145,"column":5}},{"start":{"line":132,"column":4},"end":{"line":145,"column":5}}]},"7":{"loc":{"start":{"line":132,"column":8},"end":{"line":132,"column":26}},"type":"binary-expr","locations":[{"start":{"line":132,"column":8},"end":{"line":132,"column":26}},{"start":{"line":133,"column":8},"end":{"line":133,"column":38}},{"start":{"line":134,"column":12},"end":{"line":134,"column":43}},{"start":{"line":135,"column":12},"end":{"line":135,"column":44}},{"start":{"line":137,"column":8},"end":{"line":137,"column":40}},{"start":{"line":138,"column":8},"end":{"line":138,"column":37}},{"start":{"line":139,"column":8},"end":{"line":139,"column":34}},{"start":{"line":140,"column":8},"end":{"line":140,"column":37}},{"start":{"line":141,"column":8},"end":{"line":141,"column":34}},{"start":{"line":142,"column":8},"end":{"line":142,"column":33}},{"start":{"line":143,"column":8},"end":{"line":143,"column":44}}]},"8":{"loc":{"start":{"line":155,"column":34},"end":{"line":168,"column":5}},"type":"cond-expr","locations":[{"start":{"line":155,"column":34},"end":{"line":168,"column":5}},{"start":{"line":168,"column":8},"end":{"line":168,"column":17}}]},"9":{"loc":{"start":{"line":179,"column":4},"end":{"line":203,"column":5}},"type":"if","locations":[{"start":{"line":179,"column":4},"end":{"line":203,"column":5}},{"start":{"line":179,"column":4},"end":{"line":203,"column":5}}]},"10":{"loc":{"start":{"line":184,"column":8},"end":{"line":190,"column":9}},"type":"if","locations":[{"start":{"line":184,"column":8},"end":{"line":190,"column":9}},{"start":{"line":184,"column":8},"end":{"line":190,"column":9}}]},"11":{"loc":{"start":{"line":186,"column":15},"end":{"line":190,"column":9}},"type":"if","locations":[{"start":{"line":186,"column":15},"end":{"line":190,"column":9}},{"start":{"line":186,"column":15},"end":{"line":190,"column":9}}]},"12":{"loc":{"start":{"line":188,"column":15},"end":{"line":190,"column":9}},"type":"if","locations":[{"start":{"line":188,"column":15},"end":{"line":190,"column":9}},{"start":{"line":188,"column":15},"end":{"line":190,"column":9}}]},"13":{"loc":{"start":{"line":219,"column":12},"end":{"line":223,"column":13}},"type":"if","locations":[{"start":{"line":219,"column":12},"end":{"line":223,"column":13}},{"start":{"line":219,"column":12},"end":{"line":223,"column":13}}]},"14":{"loc":{"start":{"line":237,"column":4},"end":{"line":259,"column":5}},"type":"if","locations":[{"start":{"line":237,"column":4},"end":{"line":259,"column":5}},{"start":{"line":237,"column":4},"end":{"line":259,"column":5}}]},"15":{"loc":{"start":{"line":237,"column":8},"end":{"line":237,"column":26}},"type":"binary-expr","locations":[{"start":{"line":237,"column":8},"end":{"line":237,"column":26}},{"start":{"line":237,"column":30},"end":{"line":237,"column":50}}]},"16":{"loc":{"start":{"line":244,"column":8},"end":{"line":256,"column":9}},"type":"if","locations":[{"start":{"line":244,"column":8},"end":{"line":256,"column":9}},{"start":{"line":244,"column":8},"end":{"line":256,"column":9}}]}},"s":{"0":1,"1":1,"2":1,"3":1,"4":1,"5":1,"6":1,"7":1,"8":1,"9":6,"10":1,"11":3,"12":1,"13":5,"14":5,"15":4,"16":2,"17":3,"18":2,"19":5,"20":1,"21":1,"22":1,"23":0,"24":1,"25":1,"26":1,"27":1,"28":1,"29":1,"30":1,"31":0,"32":0,"33":0,"34":0,"35":0,"36":0,"37":0,"38":1,"39":1,"40":0,"41":0,"42":0,"43":0,"44":0,"45":0,"46":0,"47":0,"48":0,"49":1,"50":1,"51":1,"52":0,"53":0,"54":0,"55":0,"56":0,"57":0,"58":0,"59":0,"60":1,"61":1,"62":0,"63":0,"64":0,"65":0,"66":1,"67":0,"68":0,"69":0,"70":0,"71":0,"72":0,"73":1,"74":1},"f":{"0":6,"1":3,"2":5,"3":3,"4":1,"5":1,"6":1,"7":0,"8":0,"9":0,"10":0,"11":0,"12":0,"13":1,"14":1,"15":0,"16":0,"17":0,"18":0,"19":0,"20":0,"21":0,"22":0,"23":0,"24":0,"25":0,"26":0,"27":0},"b":{"0":[5,1],"1":[6,5],"2":[2,1],"3":[3,2],"4":[4,1],"5":[2,2],"6":[0,1],"7":[1,0,0,0,0,0,0,0,0,0,0],"8":[0,1],"9":[0,1],"10":[0,0],"11":[0,0],"12":[0,0],"13":[0,0],"14":[0,1],"15":[1,0],"16":[0,0]}}
}
