TN:
SF:/home/farm/Documents/podsearch_bot/src/utils.ts
FN:93,(anonymous_0)
FN:100,(anonymous_1)
FN:108,(anonymous_2)
FN:109,(anonymous_3)
FN:117,(anonymous_4)
FN:142,(anonymous_5)
FN:163,(anonymous_6)
FN:201,(anonymous_7)
FN:202,(anonymous_8)
FN:203,(anonymous_9)
FN:204,(anonymous_10)
FN:212,(anonymous_11)
FN:215,(anonymous_12)
FN:223,(anonymous_13)
FN:224,(anonymous_14)
FN:233,(anonymous_15)
FN:234,(anonymous_16)
FN:237,(anonymous_17)
FN:239,(anonymous_18)
FN:255,(anonymous_19)
FN:256,(anonymous_20)
FN:257,(anonymous_21)
FN:259,(anonymous_22)
FN:267,(anonymous_23)
FN:268,(anonymous_24)
FN:269,(anonymous_25)
FN:270,(anonymous_26)
FN:275,(anonymous_27)
FNF:28
FNH:6
FNDA:5,(anonymous_0)
FNDA:1,(anonymous_1)
FNDA:1,(anonymous_2)
FNDA:0,(anonymous_3)
FNDA:1,(anonymous_4)
FNDA:1,(anonymous_5)
FNDA:1,(anonymous_6)
FNDA:0,(anonymous_7)
FNDA:0,(anonymous_8)
FNDA:0,(anonymous_9)
FNDA:0,(anonymous_10)
FNDA:0,(anonymous_11)
FNDA:0,(anonymous_12)
FNDA:0,(anonymous_13)
FNDA:0,(anonymous_14)
FNDA:0,(anonymous_15)
FNDA:0,(anonymous_16)
FNDA:0,(anonymous_17)
FNDA:0,(anonymous_18)
FNDA:0,(anonymous_19)
FNDA:0,(anonymous_20)
FNDA:0,(anonymous_21)
FNDA:0,(anonymous_22)
FNDA:0,(anonymous_23)
FNDA:0,(anonymous_24)
FNDA:0,(anonymous_25)
FNDA:0,(anonymous_26)
FNDA:0,(anonymous_27)
DA:6,1
DA:7,1
DA:11,1
DA:16,1
DA:17,1
DA:23,1
DA:28,1
DA:33,1
DA:93,1
DA:94,5
DA:100,1
DA:101,1
DA:108,1
DA:109,1
DA:110,0
DA:117,1
DA:118,1
DA:120,1
DA:132,0
DA:135,1
DA:142,1
DA:143,1
DA:163,1
DA:164,1
DA:165,1
DA:167,1
DA:172,0
DA:173,0
DA:174,0
DA:175,0
DA:176,0
DA:177,0
DA:180,0
DA:193,1
DA:201,1
DA:202,0
DA:203,0
DA:204,0
DA:205,0
DA:207,0
DA:208,0
DA:210,0
DA:213,0
DA:216,0
DA:223,1
DA:224,0
DA:225,0
DA:230,0
DA:232,0
DA:233,0
DA:234,0
DA:235,0
DA:238,0
DA:240,0
DA:243,0
DA:246,0
DA:255,1
DA:256,0
DA:257,0
DA:258,0
DA:260,0
DA:267,1
DA:268,0
DA:269,0
DA:270,0
DA:271,0
DA:274,0
DA:276,0
DA:283,1
DA:298,1
LF:70
LH:31
BRDA:93,0,0,0
BRDA:94,1,0,5
BRDA:94,1,1,0
BRDA:109,2,0,0
BRDA:109,2,1,1
BRDA:120,3,0,0
BRDA:120,3,1,1
BRDA:120,4,0,1
BRDA:120,4,1,0
BRDA:120,4,2,0
BRDA:120,4,3,0
BRDA:120,4,4,0
BRDA:120,4,5,0
BRDA:120,4,6,0
BRDA:120,4,7,0
BRDA:120,4,8,0
BRDA:120,4,9,0
BRDA:120,4,10,0
BRDA:143,5,0,0
BRDA:143,5,1,1
BRDA:167,6,0,0
BRDA:167,6,1,1
BRDA:172,7,0,0
BRDA:172,7,1,0
BRDA:174,8,0,0
BRDA:174,8,1,0
BRDA:176,9,0,0
BRDA:176,9,1,0
BRDA:207,10,0,0
BRDA:207,10,1,0
BRDA:225,11,0,0
BRDA:225,11,1,0
BRDA:225,12,0,0
BRDA:225,12,1,0
BRDA:232,13,0,0
BRDA:232,13,1,0
BRF:36
BRH:6
end_of_record
