TN:
SF:/home/farm/Documents/podsearch_bot/src/utils.ts
FN:93,(anonymous_0)
FN:100,(anonymous_1)
FN:110,(anonymous_2)
FN:115,(anonymous_3)
FN:129,(anonymous_4)
FN:154,(anonymous_5)
FN:175,(anonymous_6)
FN:213,(anonymous_7)
FN:214,(anonymous_8)
FN:216,(anonymous_9)
FN:217,(anonymous_10)
FN:225,(anonymous_11)
FN:228,(anonymous_12)
FN:239,(anonymous_13)
FN:240,(anonymous_14)
FN:249,(anonymous_15)
FN:250,(anonymous_16)
FN:253,(anonymous_17)
FN:255,(anonymous_18)
FN:271,(anonymous_19)
FN:272,(anonymous_20)
FN:273,(anonymous_21)
FN:275,(anonymous_22)
FN:283,(anonymous_23)
FN:284,(anonymous_24)
FN:285,(anonymous_25)
FN:286,(anonymous_26)
FN:291,(anonymous_27)
FNF:28
FNH:11
FNDA:7,(anonymous_0)
FNDA:3,(anonymous_1)
FNDA:5,(anonymous_2)
FNDA:3,(anonymous_3)
FNDA:13,(anonymous_4)
FNDA:1,(anonymous_5)
FNDA:1,(anonymous_6)
FNDA:1,(anonymous_7)
FNDA:1,(anonymous_8)
FNDA:0,(anonymous_9)
FNDA:0,(anonymous_10)
FNDA:0,(anonymous_11)
FNDA:0,(anonymous_12)
FNDA:1,(anonymous_13)
FNDA:1,(anonymous_14)
FNDA:0,(anonymous_15)
FNDA:0,(anonymous_16)
FNDA:0,(anonymous_17)
FNDA:0,(anonymous_18)
FNDA:0,(anonymous_19)
FNDA:0,(anonymous_20)
FNDA:0,(anonymous_21)
FNDA:0,(anonymous_22)
FNDA:0,(anonymous_23)
FNDA:0,(anonymous_24)
FNDA:0,(anonymous_25)
FNDA:0,(anonymous_26)
FNDA:0,(anonymous_27)
DA:6,1
DA:7,1
DA:11,1
DA:16,1
DA:17,1
DA:23,1
DA:28,1
DA:33,1
DA:93,1
DA:94,7
DA:100,1
DA:101,3
DA:110,1
DA:111,5
DA:113,5
DA:114,4
DA:115,2
DA:116,3
DA:119,2
DA:123,5
DA:129,1
DA:130,13
DA:132,13
DA:144,3
DA:147,13
DA:154,1
DA:155,1
DA:175,1
DA:176,1
DA:177,1
DA:179,1
DA:184,0
DA:185,0
DA:186,0
DA:187,0
DA:188,0
DA:189,0
DA:192,0
DA:205,1
DA:213,1
DA:214,1
DA:215,1
DA:216,0
DA:217,0
DA:218,0
DA:220,0
DA:221,0
DA:223,0
DA:226,0
DA:229,0
DA:232,1
DA:239,1
DA:240,1
DA:241,1
DA:246,0
DA:248,0
DA:249,0
DA:250,0
DA:251,0
DA:254,0
DA:256,0
DA:259,0
DA:262,1
DA:271,1
DA:272,0
DA:273,0
DA:274,0
DA:276,0
DA:283,1
DA:284,0
DA:285,0
DA:286,0
DA:287,0
DA:290,0
DA:292,0
DA:299,1
DA:314,1
LF:77
LH:44
BRDA:94,0,0,6
BRDA:94,0,1,1
BRDA:94,1,0,7
BRDA:94,1,1,6
BRDA:102,2,0,2
BRDA:102,2,1,1
BRDA:101,3,0,3
BRDA:101,3,1,2
BRDA:113,4,0,4
BRDA:113,4,1,1
BRDA:114,5,0,2
BRDA:114,5,1,2
BRDA:132,6,0,3
BRDA:132,6,1,10
BRDA:132,7,0,13
BRDA:132,7,1,12
BRDA:132,7,2,11
BRDA:132,7,3,2
BRDA:132,7,4,10
BRDA:132,7,5,9
BRDA:132,7,6,8
BRDA:132,7,7,7
BRDA:132,7,8,6
BRDA:132,7,9,5
BRDA:132,7,10,4
BRDA:155,8,0,0
BRDA:155,8,1,1
BRDA:179,9,0,0
BRDA:179,9,1,1
BRDA:184,10,0,0
BRDA:184,10,1,0
BRDA:186,11,0,0
BRDA:186,11,1,0
BRDA:188,12,0,0
BRDA:188,12,1,0
BRDA:215,13,0,0
BRDA:215,13,1,1
BRDA:220,14,0,0
BRDA:220,14,1,0
BRDA:241,15,0,0
BRDA:241,15,1,1
BRDA:241,16,0,1
BRDA:241,16,1,0
BRDA:241,16,2,0
BRDA:248,17,0,0
BRDA:248,17,1,0
BRF:46
BRH:30
end_of_record
